<?xml version="1.0" encoding="UTF-8"?>
<!-- Generated by org.testng.reporters.JUnitReportReporter -->
<testsuite hostname="DESKTOP-GMB4PBJ" failures="0" tests="1" name="runner.Runner" time="18.319" errors="0" timestamp="2023-01-29T17:59:31 GMT" skipped="0">
  <testcase classname="runner.Runner" name="runScenario" time="18.319"/>
  <system-out/>
</testsuite> <!-- runner.Runner -->
